<?xml version="1.0" encoding="UTF-8"?>
<testsuites>
  <testsuite name="" tests="26" assertions="63" errors="0" warnings="0" failures="0" skipped="0" time="0.084795">
    <testsuite name="unit" tests="26" assertions="63" errors="0" warnings="0" failures="0" skipped="0" time="0.084795">
      <testsuite name="FreeScoutIntegrationTest" file="/var/www/html/wp-content/plugins/wwmc-gf-freescout/tests/Unit/FreeScoutIntegrationTest.php" tests="26" assertions="63" errors="0" warnings="0" failures="0" skipped="0" time="0.084795">
        <testcase name="process_feed_returns_error_when_api_not_configured" class="FreeScoutIntegrationTest" classname="FreeScoutIntegrationTest" file="/var/www/html/wp-content/plugins/wwmc-gf-freescout/tests/Unit/FreeScoutIntegrationTest.php" line="155" assertions="4" time="0.066515"/>
        <testcase name="process_feed_returns_error_when_api_key_missing" class="FreeScoutIntegrationTest" classname="FreeScoutIntegrationTest" file="/var/www/html/wp-content/plugins/wwmc-gf-freescout/tests/Unit/FreeScoutIntegrationTest.php" line="174" assertions="2" time="0.000416"/>
        <testcase name="process_feed_returns_error_when_email_missing" class="FreeScoutIntegrationTest" classname="FreeScoutIntegrationTest" file="/var/www/html/wp-content/plugins/wwmc-gf-freescout/tests/Unit/FreeScoutIntegrationTest.php" line="200" assertions="2" time="0.000263"/>
        <testcase name="process_feed_returns_error_when_email_invalid" class="FreeScoutIntegrationTest" classname="FreeScoutIntegrationTest" file="/var/www/html/wp-content/plugins/wwmc-gf-freescout/tests/Unit/FreeScoutIntegrationTest.php" line="228" assertions="2" time="0.000861"/>
        <testcase name="process_feed_returns_error_when_message_empty" class="FreeScoutIntegrationTest" classname="FreeScoutIntegrationTest" file="/var/www/html/wp-content/plugins/wwmc-gf-freescout/tests/Unit/FreeScoutIntegrationTest.php" line="260" assertions="2" time="0.000431"/>
        <testcase name="process_feed_creates_conversation_successfully" class="FreeScoutIntegrationTest" classname="FreeScoutIntegrationTest" file="/var/www/html/wp-content/plugins/wwmc-gf-freescout/tests/Unit/FreeScoutIntegrationTest.php" line="292" assertions="8" time="0.003499"/>
        <testcase name="process_feed_sends_correct_api_payload" class="FreeScoutIntegrationTest" classname="FreeScoutIntegrationTest" file="/var/www/html/wp-content/plugins/wwmc-gf-freescout/tests/Unit/FreeScoutIntegrationTest.php" line="342" assertions="10" time="0.000449"/>
        <testcase name="process_feed_sends_api_key_in_header" class="FreeScoutIntegrationTest" classname="FreeScoutIntegrationTest" file="/var/www/html/wp-content/plugins/wwmc-gf-freescout/tests/Unit/FreeScoutIntegrationTest.php" line="385" assertions="2" time="0.000311"/>
        <testcase name="process_feed_handles_api_timeout" class="FreeScoutIntegrationTest" classname="FreeScoutIntegrationTest" file="/var/www/html/wp-content/plugins/wwmc-gf-freescout/tests/Unit/FreeScoutIntegrationTest.php" line="418" assertions="4" time="0.000320"/>
        <testcase name="process_feed_handles_unauthorized_response" class="FreeScoutIntegrationTest" classname="FreeScoutIntegrationTest" file="/var/www/html/wp-content/plugins/wwmc-gf-freescout/tests/Unit/FreeScoutIntegrationTest.php" line="447" assertions="4" time="0.000283"/>
        <testcase name="process_feed_handles_bad_request_response" class="FreeScoutIntegrationTest" classname="FreeScoutIntegrationTest" file="/var/www/html/wp-content/plugins/wwmc-gf-freescout/tests/Unit/FreeScoutIntegrationTest.php" line="476" assertions="2" time="0.000255"/>
        <testcase name="process_feed_handles_server_error_response" class="FreeScoutIntegrationTest" classname="FreeScoutIntegrationTest" file="/var/www/html/wp-content/plugins/wwmc-gf-freescout/tests/Unit/FreeScoutIntegrationTest.php" line="503" assertions="2" time="0.000269"/>
        <testcase name="validate_freescout_url_accepts_valid_https_url" class="FreeScoutIntegrationTest" classname="FreeScoutIntegrationTest" file="/var/www/html/wp-content/plugins/wwmc-gf-freescout/tests/Unit/FreeScoutIntegrationTest.php" line="534" assertions="1" time="0.000170"/>
        <testcase name="validate_freescout_url_accepts_valid_http_url" class="FreeScoutIntegrationTest" classname="FreeScoutIntegrationTest" file="/var/www/html/wp-content/plugins/wwmc-gf-freescout/tests/Unit/FreeScoutIntegrationTest.php" line="542" assertions="1" time="0.000156"/>
        <testcase name="validate_freescout_url_rejects_empty_value" class="FreeScoutIntegrationTest" classname="FreeScoutIntegrationTest" file="/var/www/html/wp-content/plugins/wwmc-gf-freescout/tests/Unit/FreeScoutIntegrationTest.php" line="550" assertions="1" time="0.000827"/>
        <testcase name="validate_freescout_url_rejects_invalid_url" class="FreeScoutIntegrationTest" classname="FreeScoutIntegrationTest" file="/var/www/html/wp-content/plugins/wwmc-gf-freescout/tests/Unit/FreeScoutIntegrationTest.php" line="562" assertions="2" time="0.000215"/>
        <testcase name="validate_api_credentials_returns_true_for_valid_credentials" class="FreeScoutIntegrationTest" classname="FreeScoutIntegrationTest" file="/var/www/html/wp-content/plugins/wwmc-gf-freescout/tests/Unit/FreeScoutIntegrationTest.php" line="575" assertions="2" time="0.000251"/>
        <testcase name="validate_api_credentials_returns_false_for_invalid_credentials" class="FreeScoutIntegrationTest" classname="FreeScoutIntegrationTest" file="/var/www/html/wp-content/plugins/wwmc-gf-freescout/tests/Unit/FreeScoutIntegrationTest.php" line="605" assertions="1" time="0.000251"/>
        <testcase name="validate_api_credentials_returns_false_for_network_error" class="FreeScoutIntegrationTest" classname="FreeScoutIntegrationTest" file="/var/www/html/wp-content/plugins/wwmc-gf-freescout/tests/Unit/FreeScoutIntegrationTest.php" line="626" assertions="1" time="0.000255"/>
        <testcase name="validate_api_credentials_returns_null_when_url_not_set" class="FreeScoutIntegrationTest" classname="FreeScoutIntegrationTest" file="/var/www/html/wp-content/plugins/wwmc-gf-freescout/tests/Unit/FreeScoutIntegrationTest.php" line="647" assertions="1" time="0.000988"/>
        <testcase name="validate_api_credentials_returns_false_for_empty_key" class="FreeScoutIntegrationTest" classname="FreeScoutIntegrationTest" file="/var/www/html/wp-content/plugins/wwmc-gf-freescout/tests/Unit/FreeScoutIntegrationTest.php" line="659" assertions="1" time="0.000271"/>
        <testcase name="process_feed_parses_full_name_correctly" class="FreeScoutIntegrationTest" classname="FreeScoutIntegrationTest" file="/var/www/html/wp-content/plugins/wwmc-gf-freescout/tests/Unit/FreeScoutIntegrationTest.php" line="679" assertions="2" time="0.000393"/>
        <testcase name="process_feed_handles_single_word_name" class="FreeScoutIntegrationTest" classname="FreeScoutIntegrationTest" file="/var/www/html/wp-content/plugins/wwmc-gf-freescout/tests/Unit/FreeScoutIntegrationTest.php" line="712" assertions="2" time="0.006123"/>
        <testcase name="process_feed_handles_empty_name" class="FreeScoutIntegrationTest" classname="FreeScoutIntegrationTest" file="/var/www/html/wp-content/plugins/wwmc-gf-freescout/tests/Unit/FreeScoutIntegrationTest.php" line="745" assertions="2" time="0.000444"/>
        <testcase name="process_feed_uses_default_mailbox_id" class="FreeScoutIntegrationTest" classname="FreeScoutIntegrationTest" file="/var/www/html/wp-content/plugins/wwmc-gf-freescout/tests/Unit/FreeScoutIntegrationTest.php" line="783" assertions="1" time="0.000302"/>
        <testcase name="process_feed_uses_feed_mailbox_id_over_default" class="FreeScoutIntegrationTest" classname="FreeScoutIntegrationTest" file="/var/www/html/wp-content/plugins/wwmc-gf-freescout/tests/Unit/FreeScoutIntegrationTest.php" line="815" assertions="1" time="0.000276"/>
      </testsuite>
    </testsuite>
  </testsuite>
</testsuites>
